# JRE version: Java(TM) SE Runtime Environment (8.0_191-b12) (build 1.8.0_191-b12)
# Java VM: Java HotSpot(TM) Client VM (25.191-b12 mixed mode windows-x86 )
Heap:
 def new generation   total 157248K, used 157247K [0x06000000, 0x10aa0000, 0x10aa0000)
  eden space 139776K, 100% used [0x06000000, 0x0e880000, 0x0e880000)
  from space 17472K,  99% used [0x0f990000, 0x10a9fff8, 0x10aa0000)
  to   space 17472K,   0% used [0x0e880000, 0x0e880000, 0x0f990000)
 tenured generation   total 349568K, used 349568K [0x10aa0000, 0x26000000, 0x26000000)
   the space 349568K, 100% used [0x10aa0000, 0x26000000, 0x26000000, 0x26000000)
 Metaspace       used 22774K, capacity 23339K, committed 23424K, reserved 23936K
GC Heap History (10 events):
Event: 9819.276 GC heap before
{Heap before GC invocations=154 (full 39):
 def new generation   total 157248K, used 157242K [0x06000000, 0x10aa0000, 0x10aa0000)
  eden space 139776K, 100% used [0x06000000, 0x0e880000, 0x0e880000)
  from space 17472K,  99% used [0x0f990000, 0x10a9eb90, 0x10aa0000)
  to   space 17472K,   0% used [0x0e880000, 0x0e880000, 0x0f990000)
 tenured generation   total 349568K, used 349568K [0x10aa0000, 0x26000000, 0x26000000)
   the space 349568K, 100% used [0x10aa0000, 0x26000000, 0x26000000, 0x26000000)
 Metaspace       used 22774K, capacity 23339K, committed 23424K, reserved 23936K
Event: 9819.862 GC heap after
Heap after GC invocations=155 (full 40):
 def new generation   total 157248K, used 157216K [0x06000000, 0x10aa0000, 0x10aa0000)
  eden space 139776K, 100% used [0x06000000, 0x0e880000, 0x0e880000)
  from space 17472K,  99% used [0x0f990000, 0x10a98020, 0x10aa0000)
  to   space 17472K,   0% used [0x0e880000, 0x0e880000, 0x0f990000)
 tenured generation   total 349568K, used 349568K [0x10aa0000, 0x26000000, 0x26000000)
   the space 349568K, 100% used [0x10aa0000, 0x26000000, 0x26000000, 0x26000000)
 Metaspace       used 22774K, capacity 23339K, committed 23424K, reserved 23936K
}
Event: 9819.863 GC heap before
{Heap before GC invocations=155 (full 40):
 def new generation   total 157248K, used 157248K [0x06000000, 0x10aa0000, 0x10aa0000)
  eden space 139776K, 100% used [0x06000000, 0x0e880000, 0x0e880000)
  from space 17472K, 100% used [0x0f990000, 0x10aa0000, 0x10aa0000)
  to   space 17472K,   0% used [0x0e880000, 0x0e880000, 0x0f990000)
 tenured generation   total 349568K, used 349568K [0x10aa0000, 0x26000000, 0x26000000)
   the space 349568K, 100% used [0x10aa0000, 0x26000000, 0x26000000, 0x26000000)
 Metaspace       used 22774K, capacity 23339K, committed 23424K, reserved 23936K
Event: 9820.430 GC heap after
Heap after GC invocations=156 (full 41):
 def new generation   total 157248K, used 157230K [0x06000000, 0x10aa0000, 0x10aa0000)
  eden space 139776K, 100% used [0x06000000, 0x0e880000, 0x0e880000)
  from space 17472K,  99% used [0x0f990000, 0x10a9b880, 0x10aa0000)
  to   space 17472K,   0% used [0x0e880000, 0x0e880000, 0x0f990000)
 tenured generation   total 349568K, used 349568K [0x10aa0000, 0x26000000, 0x26000000)
   the space 349568K, 100% used [0x10aa0000, 0x26000000, 0x26000000, 0x26000000)
 Metaspace       used 22774K, capacity 23339K, committed 23424K, reserved 23936K
}
Event: 9820.431 GC heap before
{Heap before GC invocations=156 (full 41):
 def new generation   total 157248K, used 157247K [0x06000000, 0x10aa0000, 0x10aa0000)
  eden space 139776K, 100% used [0x06000000, 0x0e880000, 0x0e880000)
  from space 17472K,  99% used [0x0f990000, 0x10a9fff8, 0x10aa0000)
  to   space 17472K,   0% used [0x0e880000, 0x0e880000, 0x0f990000)
 tenured generation   total 349568K, used 349568K [0x10aa0000, 0x26000000, 0x26000000)
   the space 349568K, 100% used [0x10aa0000, 0x26000000, 0x26000000, 0x26000000)
 Metaspace       used 22774K, capacity 23339K, committed 23424K, reserved 23936K
Event: 9821.027 GC heap after
Heap after GC invocations=157 (full 42):
 def new generation   total 157248K, used 157230K [0x06000000, 0x10aa0000, 0x10aa0000)
  eden space 139776K, 100% used [0x06000000, 0x0e880000, 0x0e880000)
  from space 17472K,  99% used [0x0f990000, 0x10a9b810, 0x10aa0000)
  to   space 17472K,   0% used [0x0e880000, 0x0e880000, 0x0f990000)
 tenured generation   total 349568K, used 349568K [0x10aa0000, 0x26000000, 0x26000000)
   the space 349568K, 100% used [0x10aa0000, 0x26000000, 0x26000000, 0x26000000)
 Metaspace       used 22774K, capacity 23339K, committed 23424K, reserved 23936K
}
Event: 9821.028 GC heap before
{Heap before GC invocations=157 (full 42):
 def new generation   total 157248K, used 157243K [0x06000000, 0x10aa0000, 0x10aa0000)
  eden space 139776K, 100% used [0x06000000, 0x0e880000, 0x0e880000)
  from space 17472K,  99% used [0x0f990000, 0x10a9eed8, 0x10aa0000)
  to   space 17472K,   0% used [0x0e880000, 0x0e880000, 0x0f990000)
 tenured generation   total 349568K, used 349568K [0x10aa0000, 0x26000000, 0x26000000)
   the space 349568K, 100% used [0x10aa0000, 0x26000000, 0x26000000, 0x26000000)
 Metaspace       used 22774K, capacity 23339K, committed 23424K, reserved 23936K
Event: 9821.582 GC heap after
Heap after GC invocations=158 (full 43):
 def new generation   total 157248K, used 157238K [0x06000000, 0x10aa0000, 0x10aa0000)
  eden space 139776K, 100% used [0x06000000, 0x0e880000, 0x0e880000)
  from space 17472K,  99% used [0x0f990000, 0x10a9da20, 0x10aa0000)
  to   space 17472K,   0% used [0x0e880000, 0x0e880000, 0x0f990000)
 tenured generation   total 349568K, used 349568K [0x10aa0000, 0x26000000, 0x26000000)
   the space 349568K, 100% used [0x10aa0000, 0x26000000, 0x26000000, 0x26000000)
 Metaspace       used 22774K, capacity 23339K, committed 23424K, reserved 23936K
}
Event: 9821.582 GC heap before
{Heap before GC invocations=158 (full 43):
 def new generation   total 157248K, used 157238K [0x06000000, 0x10aa0000, 0x10aa0000)
  eden space 139776K, 100% used [0x06000000, 0x0e880000, 0x0e880000)
  from space 17472K,  99% used [0x0f990000, 0x10a9da20, 0x10aa0000)
  to   space 17472K,   0% used [0x0e880000, 0x0e880000, 0x0f990000)
 tenured generation   total 349568K, used 349568K [0x10aa0000, 0x26000000, 0x26000000)
   the space 349568K, 100% used [0x10aa0000, 0x26000000, 0x26000000, 0x26000000)
 Metaspace       used 22774K, capacity 23339K, committed 23424K, reserved 23936K
Event: 9822.172 GC heap after
Heap after GC invocations=159 (full 44):
 def new generation   total 157248K, used 157238K [0x06000000, 0x10aa0000, 0x10aa0000)
  eden space 139776K, 100% used [0x06000000, 0x0e880000, 0x0e880000)
  from space 17472K,  99% used [0x0f990000, 0x10a9da20, 0x10aa0000)
  to   space 17472K,   0% used [0x0e880000, 0x0e880000, 0x0f990000)
 tenured generation   total 349568K, used 349568K [0x10aa0000, 0x26000000, 0x26000000)
   the space 349568K, 100% used [0x10aa0000, 0x26000000, 0x26000000, 0x26000000)
 Metaspace       used 22774K, capacity 23339K, committed 23424K, reserved 23936K
}

